<?xml version="1.0" encoding="UTF-8"?>
<testng-results ignored="0" total="1" passed="1" failed="0" skipped="0">
  <reporter-output>
  </reporter-output>
  <suite started-at="2025-01-04T18:59:15 IST" name="Default suite" finished-at="2025-01-04T18:59:24 IST" duration-ms="8201">
    <groups>
    </groups>
    <test started-at="2025-01-04T18:59:15 IST" name="Default test" finished-at="2025-01-04T18:59:24 IST" duration-ms="8201">
      <class name="tutorialsninja.register.TC_RF_007">
        <test-method signature="verifyNavigatingToRegisterAccountUsingMultipleWay()[pri:0, instance:tutorialsninja.register.TC_RF_007@31304f14]" started-at="2025-01-04T18:59:15 IST" name="verifyNavigatingToRegisterAccountUsingMultipleWay" finished-at="2025-01-04T18:59:24 IST" duration-ms="8149" status="PASS">
          <reporter-output>
          </reporter-output>
        </test-method> <!-- verifyNavigatingToRegisterAccountUsingMultipleWay -->
      </class> <!-- tutorialsninja.register.TC_RF_007 -->
    </test> <!-- Default test -->
  </suite> <!-- Default suite -->
</testng-results>
